<?xml version="1.0" encoding="UTF-8"?><testsuite errors="0" failures="0" name="Testing different requests like CREATE, READ, UPDATE and DELETE on Products Endpoint of the BestBuy API playground application." skipped="0" tests="5" time="0.86" timestamp="2022-06-25T01:48:20.376+01:00[Europe/London]"><testcase name="Check if the Products data can be accessed by user"/><testcase name="Check if user can CREATE a new category on products endpoint"/><testcase name="Check if user can READ a newly created category on products endpoint"/><testcase name="Check if user can UPDATE a newly created product on products endpoint"/><testcase name="Check if user can delete a newly created product on products end point"/></testsuite>