<?xml version="1.0" encoding="UTF-8"?><testsuite errors="0" failures="0" name="Testing different requests like CREATE, READ, UPDATE and DELETE on Services Endpoint of the BestBuy API playground application." skipped="0" tests="5" time="0.47" timestamp="2022-06-25T01:48:21.646+01:00[Europe/London]"><testcase name="Check if the Services data can be accessed by user"/><testcase name="Check if user can CREATE a new service on services endpoint"/><testcase name="Check if user can READ a newly created service on services endpoint"/><testcase name="Check if user can UPDATE a newly created service on services endpoint"/><testcase name="Check if user can delete a newly created service on services end point"/></testsuite>